<?xml version="1.0" encoding="UTF-8"?>
<!-- Generated by org.testng.reporters.JUnitXMLReporter -->
<testsuite hostname="ULTP_434" name="Test" tests="4" failures="0" timestamp="1 Nov 2018 04:22:58 GMT" time="35.203" errors="0">
  <testcase name="OpenCRMApp" time="13.116" classname="test.LoginCRMApplication"/>
  <testcase name="VerifyForgetPassword" time="0.168" classname="test.LoginCRMApplication"/>
  <testcase name="LoginWithValidCredential" time="9.607" classname="test.LoginCRMApplication"/>
  <testcase name="f" time="12.286" classname="test.Calender"/>
</testsuite> <!-- Test -->
