<?xml version="1.0" encoding="UTF-8"?>
<testng-results skipped="0" failed="0" total="4" passed="4">
  <reporter-output>
  </reporter-output>
  <suite name="Suite" duration-ms="35203" started-at="2018-11-01T04:22:23Z" finished-at="2018-11-01T04:22:58Z">
    <groups>
    </groups>
    <test name="Test" duration-ms="35203" started-at="2018-11-01T04:22:23Z" finished-at="2018-11-01T04:22:58Z">
      <class name="test.LoginCRMApplication">
        <test-method status="PASS" signature="OpenCRMApp()[pri:0, instance:test.LoginCRMApplication@cb5822]" name="OpenCRMApp" duration-ms="13116" started-at="2018-11-01T09:52:23Z" finished-at="2018-11-01T09:52:36Z">
          <reporter-output>
          </reporter-output>
        </test-method> <!-- OpenCRMApp -->
        <test-method status="PASS" signature="VerifyForgetPassword()[pri:0, instance:test.LoginCRMApplication@cb5822]" name="VerifyForgetPassword" duration-ms="168" started-at="2018-11-01T09:52:36Z" depends-on-methods="test.LoginCRMApplication.OpenCRMApp" finished-at="2018-11-01T09:52:36Z">
          <reporter-output>
          </reporter-output>
        </test-method> <!-- VerifyForgetPassword -->
        <test-method status="PASS" signature="LoginWithValidCredential()[pri:0, instance:test.LoginCRMApplication@cb5822]" name="LoginWithValidCredential" duration-ms="9607" started-at="2018-11-01T09:52:36Z" depends-on-methods="test.LoginCRMApplication.VerifyForgetPassword" finished-at="2018-11-01T09:52:46Z">
          <reporter-output>
          </reporter-output>
        </test-method> <!-- LoginWithValidCredential -->
      </class> <!-- test.LoginCRMApplication -->
      <class name="test.Calender">
        <test-method status="PASS" signature="f()[pri:0, instance:test.Calender@675d3402]" name="f" duration-ms="12286" started-at="2018-11-01T09:52:46Z" finished-at="2018-11-01T09:52:58Z">
          <reporter-output>
          </reporter-output>
        </test-method> <!-- f -->
      </class> <!-- test.Calender -->
    </test> <!-- Test -->
  </suite> <!-- Suite -->
</testng-results>
